0 verbose cli /usr/bin/node /usr/bin/npm
1 info using npm@9.2.0
2 info using node@v18.13.0
3 timing npm:load:whichnode Completed in 1ms
4 timing config:load:defaults Completed in 9ms
5 timing config:load:file:/usr/share/nodejs/npm/npmrc Completed in 9ms
6 timing config:load:builtin Completed in 9ms
7 timing config:load:cli Completed in 9ms
8 timing config:load:env Completed in 2ms
9 timing config:load:project Completed in 4ms
10 timing config:load:file:/var/www/.npmrc Completed in 0ms
11 timing config:load:user Completed in 2ms
12 timing config:load:file:/etc/npmrc Completed in 1ms
13 timing config:load:global Completed in 1ms
14 timing config:load:setEnvs Completed in 4ms
15 timing config:load Completed in 44ms
16 timing npm:load:configload Completed in 44ms
17 timing npm:load:mkdirpcache Completed in 1ms
18 timing npm:load:mkdirplogs Completed in 1ms
19 verbose title npm install tailwindcss @tailwindcss/forms @tailwindcss/typography autoprefixer tippy.js
20 verbose argv "install" "tailwindcss" "@tailwindcss/forms" "@tailwindcss/typography" "autoprefixer" "tippy.js" "--save-dev"
21 timing npm:load:setTitle Completed in 9ms
22 timing config:load:flatten Completed in 14ms
23 timing npm:load:display Completed in 19ms
24 verbose logfile logs-max:10 dir:/var/www/.npm/_logs/2023-06-21T07_38_32_936Z-
25 verbose logfile /var/www/.npm/_logs/2023-06-21T07_38_32_936Z-debug-0.log
26 timing npm:load:logFile Completed in 23ms
27 timing npm:load:timers Completed in 0ms
28 timing npm:load:configScope Completed in 0ms
29 timing npm:load Completed in 103ms
30 silly logfile start cleaning logs, removing 1 files
31 timing config:load:flatten Completed in 3ms
32 timing arborist:ctor Completed in 4ms
33 silly logfile done cleaning log files
34 timing idealTree:init Completed in 549ms
35 timing idealTree:userRequests Completed in 12ms
36 silly idealTree buildDeps
37 silly fetch manifest @tailwindcss/forms@^0.5.2
38 timing arborist:ctor Completed in 1ms
39 http fetch GET 200 https://registry.npmjs.org/@tailwindcss%2fforms 720ms (cache revalidated)
40 silly fetch manifest tailwindcss@^3.1.0
41 http fetch GET 200 https://registry.npmjs.org/tailwindcss 227ms (cache revalidated)
42 silly fetch manifest @tailwindcss/typography@^0.5.0
43 http fetch GET 200 https://registry.npmjs.org/@tailwindcss%2ftypography 138ms (cache revalidated)
44 silly fetch manifest autoprefixer@^10.4.7
45 http fetch GET 200 https://registry.npmjs.org/autoprefixer 75ms (cache revalidated)
46 silly fetch manifest postcss@^8.4.14
47 http fetch GET 200 https://registry.npmjs.org/postcss 77ms (cache revalidated)
48 silly fetch manifest tippy.js@*
49 http fetch GET 200 https://registry.npmjs.org/tippy.js 156ms (cache miss)
50 silly placeDep ROOT @tailwindcss/forms@0.5.3 REPLACE for:  want: ^0.5.2
51 silly placeDep ROOT @tailwindcss/typography@0.5.9 REPLACE for:  want: ^0.5.0
52 silly placeDep ROOT autoprefixer@10.4.14 REPLACE for:  want: ^10.4.7
53 silly placeDep ROOT tailwindcss@3.3.2 REPLACE for:  want: ^3.1.0
54 silly placeDep ROOT tippy.js@6.3.7 OK for:  want: *
55 silly fetch manifest @popperjs/core@^2.9.0
56 http fetch GET 200 https://registry.npmjs.org/@popperjs%2fcore 134ms (cache miss)
57 timing idealTree:#root Completed in 1774ms
58 timing idealTree:node_modules/@tailwindcss/forms Completed in 0ms
59 timing idealTree:node_modules/@tailwindcss/typography Completed in 0ms
60 timing idealTree:node_modules/autoprefixer Completed in 1ms
61 timing idealTree:node_modules/tailwindcss Completed in 0ms
62 silly placeDep ROOT @popperjs/core@2.11.8 OK for: tippy.js@6.3.7 want: ^2.9.0
63 timing idealTree:node_modules/tippy.js Completed in 8ms
64 timing idealTree:node_modules/@popperjs/core Completed in 0ms
65 timing idealTree:buildDeps Completed in 1790ms
66 timing idealTree:fixDepFlags Completed in 5ms
67 timing idealTree Completed in 2379ms
68 timing reify:loadTrees Completed in 2384ms
69 timing reify:diffTrees Completed in 23ms
70 silly reify moves {}
71 timing reify:retireShallow Completed in 5ms
72 timing reify:createSparse Completed in 17ms
73 timing reify:loadBundles Completed in 0ms
74 silly audit bulk request {
74 silly audit   '@alloc/quick-lru': [ '5.2.0' ],
74 silly audit   '@alpinejs/focus': [ '3.12.2' ],
74 silly audit   '@esbuild/android-arm': [ '0.17.19' ],
74 silly audit   '@esbuild/android-arm64': [ '0.17.19' ],
74 silly audit   '@esbuild/android-x64': [ '0.17.19' ],
74 silly audit   '@esbuild/darwin-arm64': [ '0.17.19' ],
74 silly audit   '@esbuild/darwin-x64': [ '0.17.19' ],
74 silly audit   '@esbuild/freebsd-arm64': [ '0.17.19' ],
74 silly audit   '@esbuild/freebsd-x64': [ '0.17.19' ],
74 silly audit   '@esbuild/linux-arm': [ '0.17.19' ],
74 silly audit   '@esbuild/linux-arm64': [ '0.17.19' ],
74 silly audit   '@esbuild/linux-ia32': [ '0.17.19' ],
74 silly audit   '@esbuild/linux-loong64': [ '0.17.19' ],
74 silly audit   '@esbuild/linux-mips64el': [ '0.17.19' ],
74 silly audit   '@esbuild/linux-ppc64': [ '0.17.19' ],
74 silly audit   '@esbuild/linux-riscv64': [ '0.17.19' ],
74 silly audit   '@esbuild/linux-s390x': [ '0.17.19' ],
74 silly audit   '@esbuild/linux-x64': [ '0.17.19' ],
74 silly audit   '@esbuild/netbsd-x64': [ '0.17.19' ],
74 silly audit   '@esbuild/openbsd-x64': [ '0.17.19' ],
74 silly audit   '@esbuild/sunos-x64': [ '0.17.19' ],
74 silly audit   '@esbuild/win32-arm64': [ '0.17.19' ],
74 silly audit   '@esbuild/win32-ia32': [ '0.17.19' ],
74 silly audit   '@esbuild/win32-x64': [ '0.17.19' ],
74 silly audit   '@jridgewell/gen-mapping': [ '0.3.3' ],
74 silly audit   '@jridgewell/resolve-uri': [ '3.1.0' ],
74 silly audit   '@jridgewell/set-array': [ '1.1.2' ],
74 silly audit   '@jridgewell/sourcemap-codec': [ '1.4.15', '1.4.14' ],
74 silly audit   '@jridgewell/trace-mapping': [ '0.3.18' ],
74 silly audit   '@nodelib/fs.scandir': [ '2.1.5' ],
74 silly audit   '@nodelib/fs.stat': [ '2.0.5' ],
74 silly audit   '@nodelib/fs.walk': [ '1.2.8' ],
74 silly audit   '@vue/reactivity': [ '3.1.5' ],
74 silly audit   '@vue/shared': [ '3.1.5' ],
74 silly audit   alpinejs: [ '3.12.2' ],
74 silly audit   'any-promise': [ '1.3.0' ],
74 silly audit   anymatch: [ '3.1.3' ],
74 silly audit   arg: [ '5.0.2' ],
74 silly audit   asynckit: [ '0.4.0' ],
74 silly audit   axios: [ '1.4.0' ],
74 silly audit   'balanced-match': [ '1.0.2' ],
74 silly audit   'binary-extensions': [ '2.2.0' ],
74 silly audit   'brace-expansion': [ '1.1.11' ],
74 silly audit   braces: [ '3.0.2' ],
74 silly audit   browserslist: [ '4.21.9' ],
74 silly audit   'camelcase-css': [ '2.0.1' ],
74 silly audit   'caniuse-lite': [ '1.0.30001505' ],
74 silly audit   chokidar: [ '3.5.3' ],
74 silly audit   'glob-parent': [ '5.1.2', '6.0.2' ],
74 silly audit   'combined-stream': [ '1.0.8' ],
74 silly audit   commander: [ '4.1.1' ],
74 silly audit   'concat-map': [ '0.0.1' ],
74 silly audit   cssesc: [ '3.0.0' ],
74 silly audit   'delayed-stream': [ '1.0.0' ],
74 silly audit   didyoumean: [ '1.2.2' ],
74 silly audit   dlv: [ '1.1.3' ],
74 silly audit   'electron-to-chromium': [ '1.4.435' ],
74 silly audit   esbuild: [ '0.17.19' ],
74 silly audit   escalade: [ '3.1.1' ],
74 silly audit   'fast-glob': [ '3.2.12' ],
74 silly audit   fastq: [ '1.15.0' ],
74 silly audit   'fill-range': [ '7.0.1' ],
74 silly audit   'focus-trap': [ '6.9.4' ],
74 silly audit   'follow-redirects': [ '1.15.2' ],
74 silly audit   'form-data': [ '4.0.0' ],
74 silly audit   'fraction.js': [ '4.2.0' ],
74 silly audit   'fs.realpath': [ '1.0.0' ],
74 silly audit   fsevents: [ '2.3.2' ],
74 silly audit   'function-bind': [ '1.1.1' ],
74 silly audit   glob: [ '7.1.6' ],
74 silly audit   has: [ '1.0.3' ],
74 silly audit   inflight: [ '1.0.6' ],
74 silly audit   inherits: [ '2.0.4' ],
74 silly audit   'is-binary-path': [ '2.1.0' ],
74 silly audit   'is-core-module': [ '2.12.1' ],
74 silly audit   'is-extglob': [ '2.1.1' ],
74 silly audit   'is-glob': [ '4.0.3' ],
74 silly audit   'is-number': [ '7.0.0' ],
74 silly audit   jiti: [ '1.18.2' ],
74 silly audit   'laravel-vite-plugin': [ '0.7.8' ],
74 silly audit   lilconfig: [ '2.1.0' ],
74 silly audit   'lines-and-columns': [ '1.2.4' ],
74 silly audit   'lodash.castarray': [ '4.4.0' ],
74 silly audit   'lodash.isplainobject': [ '4.0.6' ],
74 silly audit   'lodash.merge': [ '4.6.2' ],
74 silly audit   merge2: [ '1.4.1' ],
74 silly audit   micromatch: [ '4.0.5' ],
74 silly audit   'mime-db': [ '1.52.0' ],
74 silly audit   'mime-types': [ '2.1.35' ],
74 silly audit   'mini-svg-data-uri': [ '1.4.4' ],
74 silly audit   minimatch: [ '3.1.2' ],
74 silly audit   mz: [ '2.7.0' ],
74 silly audit   nanoid: [ '3.3.6' ],
74 silly audit   'node-releases': [ '2.0.12' ],
74 silly audit   'normalize-path': [ '3.0.0' ],
74 silly audit   'normalize-range': [ '0.1.2' ],
74 silly audit   'object-assign': [ '4.1.1' ],
74 silly audit   'object-hash': [ '3.0.0' ],
74 silly audit   once: [ '1.4.0' ],
74 silly audit   'path-is-absolute': [ '1.0.1' ],
74 silly audit   'path-parse': [ '1.0.7' ],
74 silly audit   picocolors: [ '1.0.0' ],
74 silly audit   picomatch: [ '2.3.1' ],
74 silly audit   pify: [ '2.3.0' ],
74 silly audit   pirates: [ '4.0.6' ],
74 silly audit   postcss: [ '8.4.24' ],
74 silly audit   'postcss-import': [ '15.1.0' ],
74 silly audit   'postcss-js': [ '4.0.1' ],
74 silly audit   'postcss-load-config': [ '4.0.1' ],
74 silly audit   'postcss-nested': [ '6.0.1' ],
74 silly audit   'postcss-selector-parser': [ '6.0.13', '6.0.10' ],
74 silly audit   'postcss-value-parser': [ '4.2.0' ],
74 silly audit   'proxy-from-env': [ '1.1.0' ],
74 silly audit   'queue-microtask': [ '1.2.3' ],
74 silly audit   'read-cache': [ '1.0.0' ],
74 silly audit   readdirp: [ '3.6.0' ],
74 silly audit   resolve: [ '1.22.2' ],
74 silly audit   reusify: [ '1.0.4' ],
74 silly audit   rollup: [ '3.25.1' ],
74 silly audit   'run-parallel': [ '1.2.0' ],
74 silly audit   'source-map-js': [ '1.0.2' ],
74 silly audit   sucrase: [ '3.32.0' ],
74 silly audit   'supports-preserve-symlinks-flag': [ '1.0.0' ],
74 silly audit   tabbable: [ '5.3.3' ],
74 silly audit   thenify: [ '3.3.1' ],
74 silly audit   'thenify-all': [ '1.6.0' ],
74 silly audit   'to-regex-range': [ '5.0.1' ],
74 silly audit   'ts-interface-checker': [ '0.1.13' ],
74 silly audit   'update-browserslist-db': [ '1.0.11' ],
74 silly audit   'util-deprecate': [ '1.0.2' ],
74 silly audit   vite: [ '4.3.9' ],
74 silly audit   'vite-plugin-full-reload': [ '1.0.5' ],
74 silly audit   wrappy: [ '1.0.2' ],
74 silly audit   yaml: [ '2.3.1' ],
74 silly audit   '@tailwindcss/forms': [ '0.5.3' ],
74 silly audit   '@tailwindcss/typography': [ '0.5.9' ],
74 silly audit   autoprefixer: [ '10.4.14' ],
74 silly audit   tailwindcss: [ '3.3.2' ],
74 silly audit   'tippy.js': [ '6.3.7' ],
74 silly audit   '@popperjs/core': [ '2.11.8' ]
74 silly audit }
75 verbose reify failed optional dependency /var/www/node_modules/fsevents
76 silly reify mark deleted [ '/var/www/node_modules/fsevents' ]
77 verbose reify failed optional dependency /var/www/node_modules/@esbuild/win32-x64
78 silly reify mark deleted [ '/var/www/node_modules/@esbuild/win32-x64' ]
79 verbose reify failed optional dependency /var/www/node_modules/@esbuild/win32-ia32
80 silly reify mark deleted [ '/var/www/node_modules/@esbuild/win32-ia32' ]
81 verbose reify failed optional dependency /var/www/node_modules/@esbuild/win32-arm64
82 silly reify mark deleted [ '/var/www/node_modules/@esbuild/win32-arm64' ]
83 verbose reify failed optional dependency /var/www/node_modules/@esbuild/sunos-x64
84 silly reify mark deleted [ '/var/www/node_modules/@esbuild/sunos-x64' ]
85 verbose reify failed optional dependency /var/www/node_modules/@esbuild/openbsd-x64
86 silly reify mark deleted [ '/var/www/node_modules/@esbuild/openbsd-x64' ]
87 verbose reify failed optional dependency /var/www/node_modules/@esbuild/netbsd-x64
88 silly reify mark deleted [ '/var/www/node_modules/@esbuild/netbsd-x64' ]
89 verbose reify failed optional dependency /var/www/node_modules/@esbuild/linux-x64
90 silly reify mark deleted [ '/var/www/node_modules/@esbuild/linux-x64' ]
91 verbose reify failed optional dependency /var/www/node_modules/@esbuild/linux-s390x
92 silly reify mark deleted [ '/var/www/node_modules/@esbuild/linux-s390x' ]
93 verbose reify failed optional dependency /var/www/node_modules/@esbuild/linux-riscv64
94 silly reify mark deleted [ '/var/www/node_modules/@esbuild/linux-riscv64' ]
95 verbose reify failed optional dependency /var/www/node_modules/@esbuild/linux-ppc64
96 silly reify mark deleted [ '/var/www/node_modules/@esbuild/linux-ppc64' ]
97 verbose reify failed optional dependency /var/www/node_modules/@esbuild/linux-mips64el
98 silly reify mark deleted [ '/var/www/node_modules/@esbuild/linux-mips64el' ]
99 verbose reify failed optional dependency /var/www/node_modules/@esbuild/linux-loong64
100 silly reify mark deleted [ '/var/www/node_modules/@esbuild/linux-loong64' ]
101 verbose reify failed optional dependency /var/www/node_modules/@esbuild/linux-ia32
102 silly reify mark deleted [ '/var/www/node_modules/@esbuild/linux-ia32' ]
103 verbose reify failed optional dependency /var/www/node_modules/@esbuild/linux-arm
104 silly reify mark deleted [ '/var/www/node_modules/@esbuild/linux-arm' ]
105 verbose reify failed optional dependency /var/www/node_modules/@esbuild/freebsd-x64
106 silly reify mark deleted [ '/var/www/node_modules/@esbuild/freebsd-x64' ]
107 verbose reify failed optional dependency /var/www/node_modules/@esbuild/freebsd-arm64
108 silly reify mark deleted [ '/var/www/node_modules/@esbuild/freebsd-arm64' ]
109 verbose reify failed optional dependency /var/www/node_modules/@esbuild/darwin-x64
110 silly reify mark deleted [ '/var/www/node_modules/@esbuild/darwin-x64' ]
111 verbose reify failed optional dependency /var/www/node_modules/@esbuild/darwin-arm64
112 silly reify mark deleted [ '/var/www/node_modules/@esbuild/darwin-arm64' ]
113 verbose reify failed optional dependency /var/www/node_modules/@esbuild/android-x64
114 silly reify mark deleted [ '/var/www/node_modules/@esbuild/android-x64' ]
115 verbose reify failed optional dependency /var/www/node_modules/@esbuild/android-arm64
116 silly reify mark deleted [ '/var/www/node_modules/@esbuild/android-arm64' ]
117 verbose reify failed optional dependency /var/www/node_modules/@esbuild/android-arm
118 silly reify mark deleted [ '/var/www/node_modules/@esbuild/android-arm' ]
119 timing reifyNode:node_modules/fsevents Completed in 44ms
120 timing reifyNode:node_modules/@esbuild/win32-x64 Completed in 45ms
121 timing reifyNode:node_modules/@esbuild/win32-ia32 Completed in 44ms
122 timing reifyNode:node_modules/@esbuild/win32-arm64 Completed in 43ms
123 timing reifyNode:node_modules/@esbuild/sunos-x64 Completed in 44ms
124 timing reifyNode:node_modules/@esbuild/openbsd-x64 Completed in 44ms
125 timing reifyNode:node_modules/@esbuild/netbsd-x64 Completed in 42ms
126 timing reifyNode:node_modules/@esbuild/linux-x64 Completed in 43ms
127 timing reifyNode:node_modules/@esbuild/linux-s390x Completed in 42ms
128 timing reifyNode:node_modules/@esbuild/linux-riscv64 Completed in 44ms
129 timing reifyNode:node_modules/@esbuild/linux-ppc64 Completed in 44ms
130 timing reifyNode:node_modules/@esbuild/linux-mips64el Completed in 43ms
131 timing reifyNode:node_modules/@esbuild/linux-loong64 Completed in 44ms
132 timing reifyNode:node_modules/@esbuild/linux-ia32 Completed in 43ms
133 timing reifyNode:node_modules/@esbuild/linux-arm Completed in 43ms
134 timing reifyNode:node_modules/@esbuild/freebsd-x64 Completed in 43ms
135 timing reifyNode:node_modules/@esbuild/freebsd-arm64 Completed in 44ms
136 timing reifyNode:node_modules/@esbuild/darwin-x64 Completed in 44ms
137 timing reifyNode:node_modules/@esbuild/darwin-arm64 Completed in 43ms
138 timing reifyNode:node_modules/@esbuild/android-x64 Completed in 43ms
139 timing reifyNode:node_modules/@esbuild/android-arm64 Completed in 44ms
140 timing reifyNode:node_modules/@esbuild/android-arm Completed in 44ms
141 silly tarball no local data for @popperjs/core@https://registry.npmjs.org/@popperjs/core/-/core-2.11.8.tgz. Extracting by manifest.
142 silly tarball no local data for tippy.js@https://registry.npmjs.org/tippy.js/-/tippy.js-6.3.7.tgz. Extracting by manifest.
143 http fetch POST 200 https://registry.npmjs.org/-/npm/v1/security/advisories/bulk 364ms
144 timing auditReport:getReport Completed in 387ms
145 silly audit report {}
146 timing auditReport:init Completed in 0ms
147 timing reify:audit Completed in 391ms
148 http fetch GET 200 https://registry.npmjs.org/tippy.js/-/tippy.js-6.3.7.tgz 747ms (cache miss)
149 timing reifyNode:node_modules/tippy.js Completed in 841ms
150 http fetch GET 200 https://registry.npmjs.org/@popperjs/core/-/core-2.11.8.tgz 1076ms (cache miss)
151 timing reifyNode:node_modules/@popperjs/core Completed in 1165ms
152 timing reify:unpack Completed in 1166ms
153 timing reify:unretire Completed in 0ms
154 timing build:queue Completed in 6ms
155 timing build:deps Completed in 8ms
156 timing build Completed in 9ms
157 timing reify:build Completed in 11ms
158 timing reify:trash Completed in 15ms
159 timing reify:save Completed in 198ms
160 timing reify Completed in 3940ms
161 silly ADD node_modules/@popperjs/core
162 silly ADD node_modules/tippy.js
163 silly ADD
164 silly ADD
165 silly ADD
166 silly ADD
167 silly ADD
168 silly ADD
169 silly ADD
170 silly ADD
171 silly ADD
172 silly ADD
173 silly ADD
174 silly ADD
175 silly ADD
176 silly ADD
177 silly ADD
178 silly ADD
179 silly ADD
180 silly ADD
181 silly ADD
182 silly ADD
183 silly ADD
184 silly ADD
185 timing command:install Completed in 3988ms
186 verbose exit 0
187 timing npm Completed in 4168ms
188 info ok
