0 verbose cli /usr/bin/node /usr/bin/npm
1 info using npm@9.2.0
2 info using node@v18.13.0
3 timing npm:load:whichnode Completed in 1ms
4 timing config:load:defaults Completed in 9ms
5 timing config:load:file:/usr/share/nodejs/npm/npmrc Completed in 10ms
6 timing config:load:builtin Completed in 12ms
7 timing config:load:cli Completed in 7ms
8 timing config:load:env Completed in 3ms
9 timing config:load:project Completed in 7ms
10 timing config:load:file:/var/www/.npmrc Completed in 1ms
11 timing config:load:user Completed in 2ms
12 timing config:load:file:/etc/npmrc Completed in 2ms
13 timing config:load:global Completed in 3ms
14 timing config:load:setEnvs Completed in 6ms
15 timing config:load Completed in 53ms
16 timing npm:load:configload Completed in 54ms
17 timing npm:load:mkdirpcache Completed in 3ms
18 timing npm:load:mkdirplogs Completed in 2ms
19 verbose title npm install
20 verbose argv "install"
21 timing npm:load:setTitle Completed in 7ms
22 timing config:load:flatten Completed in 17ms
23 timing npm:load:display Completed in 20ms
24 verbose logfile logs-max:10 dir:/var/www/.npm/_logs/2023-06-21T02_04_10_286Z-
25 verbose logfile /var/www/.npm/_logs/2023-06-21T02_04_10_286Z-debug-0.log
26 timing npm:load:logFile Completed in 24ms
27 timing npm:load:timers Completed in 1ms
28 timing npm:load:configScope Completed in 1ms
29 timing npm:load Completed in 117ms
30 silly logfile done cleaning log files
31 timing config:load:flatten Completed in 2ms
32 timing arborist:ctor Completed in 5ms
33 timing arborist:ctor Completed in 0ms
34 timing idealTree:init Completed in 96ms
35 timing idealTree:userRequests Completed in 1ms
36 silly idealTree buildDeps
37 silly fetch manifest axios@^1.1.2
38 http fetch GET 200 https://registry.npmjs.org/axios 491ms (cache miss)
39 silly fetch manifest laravel-vite-plugin@^0.7.5
40 http fetch GET 200 https://registry.npmjs.org/laravel-vite-plugin 697ms (cache miss)
41 silly fetch manifest vite@^4.0.0
42 http fetch GET 200 https://registry.npmjs.org/vite 242ms (cache miss)
43 silly fetch manifest @types/node@>= 14
44 http fetch GET 200 https://registry.npmjs.org/@types%2fnode 261ms (cache miss)
45 silly fetch manifest less@*
46 http fetch GET 200 https://registry.npmjs.org/less 146ms (cache miss)
47 silly fetch manifest sass@*
48 http fetch GET 200 https://registry.npmjs.org/sass 90ms (cache miss)
49 silly fetch manifest stylus@*
50 http fetch GET 200 https://registry.npmjs.org/stylus 58ms (cache miss)
51 silly fetch manifest sugarss@*
52 http fetch GET 200 https://registry.npmjs.org/sugarss 691ms (cache miss)
53 silly fetch manifest postcss@^8.3.3
54 http fetch GET 200 https://registry.npmjs.org/postcss 88ms (cache miss)
55 silly fetch manifest terser@^5.4.0
56 http fetch GET 200 https://registry.npmjs.org/terser 88ms (cache miss)
57 silly placeDep ROOT axios@1.4.0 OK for:  want: ^1.1.2
58 silly placeDep ROOT laravel-vite-plugin@0.7.8 OK for:  want: ^0.7.5
59 silly placeDep ROOT vite@4.3.9 OK for: laravel-vite-plugin@0.7.8 want: ^3.0.0 || ^4.0.0
60 silly fetch manifest follow-redirects@^1.15.0
61 silly fetch manifest form-data@^4.0.0
62 silly fetch manifest proxy-from-env@^1.1.0
63 silly fetch manifest picocolors@^1.0.0
64 silly fetch manifest vite-plugin-full-reload@^1.0.5
65 silly fetch manifest esbuild@^0.17.5
66 silly fetch manifest postcss@^8.4.23
67 silly fetch manifest rollup@^3.21.0
68 silly fetch manifest fsevents@~2.3.2
69 http fetch GET 200 https://registry.npmjs.org/follow-redirects 202ms (cache miss)
70 http fetch GET 200 https://registry.npmjs.org/picocolors 488ms (cache miss)
71 http fetch GET 200 https://registry.npmjs.org/proxy-from-env 535ms (cache miss)
72 http fetch GET 200 https://registry.npmjs.org/form-data 564ms (cache miss)
73 http fetch GET 200 https://registry.npmjs.org/fsevents 546ms (cache miss)
74 http fetch GET 200 https://registry.npmjs.org/esbuild 614ms (cache miss)
75 http fetch GET 200 https://registry.npmjs.org/rollup 718ms (cache miss)
76 http fetch GET 200 https://registry.npmjs.org/vite-plugin-full-reload 1044ms (cache miss)
77 timing idealTree:#root Completed in 4277ms
78 silly placeDep ROOT follow-redirects@1.15.2 OK for: axios@1.4.0 want: ^1.15.0
79 silly placeDep ROOT form-data@4.0.0 OK for: axios@1.4.0 want: ^4.0.0
80 silly placeDep ROOT proxy-from-env@1.1.0 OK for: axios@1.4.0 want: ^1.1.0
81 silly fetch manifest asynckit@^0.4.0
82 silly fetch manifest combined-stream@^1.0.8
83 silly fetch manifest mime-types@^2.1.12
84 http fetch GET 200 https://registry.npmjs.org/combined-stream 88ms (cache miss)
85 http fetch GET 200 https://registry.npmjs.org/mime-types 89ms (cache miss)
86 http fetch GET 200 https://registry.npmjs.org/asynckit 99ms (cache miss)
87 timing idealTree:node_modules/axios Completed in 133ms
88 timing idealTree:node_modules/follow-redirects Completed in 1ms
89 silly placeDep ROOT asynckit@0.4.0 OK for: form-data@4.0.0 want: ^0.4.0
90 silly placeDep ROOT combined-stream@1.0.8 OK for: form-data@4.0.0 want: ^1.0.8
91 silly placeDep ROOT mime-types@2.1.35 OK for: form-data@4.0.0 want: ^2.1.12
92 silly fetch manifest delayed-stream@~1.0.0
93 silly fetch manifest mime-db@1.52.0
94 http fetch GET 200 https://registry.npmjs.org/mime-db 76ms (cache miss)
95 http fetch GET 200 https://registry.npmjs.org/delayed-stream 89ms (cache miss)
96 timing idealTree:node_modules/form-data Completed in 121ms
97 timing idealTree:node_modules/asynckit Completed in 0ms
98 silly placeDep ROOT delayed-stream@1.0.0 OK for: combined-stream@1.0.8 want: ~1.0.0
99 timing idealTree:node_modules/combined-stream Completed in 6ms
100 timing idealTree:node_modules/delayed-stream Completed in 0ms
101 silly fetch manifest vite@^3.0.0 || ^4.0.0
102 silly placeDep ROOT picocolors@1.0.0 OK for: laravel-vite-plugin@0.7.8 want: ^1.0.0
103 silly placeDep ROOT vite-plugin-full-reload@1.0.5 OK for: laravel-vite-plugin@0.7.8 want: ^1.0.5
104 silly fetch manifest picomatch@^2.3.1
105 http fetch GET 200 https://registry.npmjs.org/picomatch 63ms (cache miss)
106 timing idealTree:node_modules/laravel-vite-plugin Completed in 112ms
107 silly placeDep ROOT mime-db@1.52.0 OK for: mime-types@2.1.35 want: 1.52.0
108 timing idealTree:node_modules/mime-types Completed in 8ms
109 timing idealTree:node_modules/mime-db Completed in 2ms
110 timing idealTree:node_modules/picocolors Completed in 0ms
111 timing idealTree:node_modules/proxy-from-env Completed in 1ms
112 silly placeDep ROOT esbuild@0.17.19 OK for: vite@4.3.9 want: ^0.17.5
113 silly placeDep ROOT fsevents@2.3.2 OK for: vite@4.3.9 want: ~2.3.2
114 silly placeDep ROOT postcss@8.4.24 OK for: vite@4.3.9 want: ^8.4.23
115 silly placeDep ROOT rollup@3.25.1 OK for: vite@4.3.9 want: ^3.21.0
116 silly fetch manifest @esbuild/android-arm@0.17.19
117 silly fetch manifest @esbuild/android-arm64@0.17.19
118 silly fetch manifest @esbuild/android-x64@0.17.19
119 silly fetch manifest @esbuild/darwin-arm64@0.17.19
120 silly fetch manifest @esbuild/darwin-x64@0.17.19
121 silly fetch manifest @esbuild/freebsd-arm64@0.17.19
122 silly fetch manifest @esbuild/freebsd-x64@0.17.19
123 silly fetch manifest @esbuild/linux-arm@0.17.19
124 silly fetch manifest @esbuild/linux-arm64@0.17.19
125 silly fetch manifest @esbuild/linux-ia32@0.17.19
126 silly fetch manifest @esbuild/linux-loong64@0.17.19
127 silly fetch manifest @esbuild/linux-mips64el@0.17.19
128 silly fetch manifest @esbuild/linux-ppc64@0.17.19
129 silly fetch manifest @esbuild/linux-riscv64@0.17.19
130 silly fetch manifest @esbuild/linux-s390x@0.17.19
131 silly fetch manifest @esbuild/linux-x64@0.17.19
132 silly fetch manifest @esbuild/netbsd-x64@0.17.19
133 silly fetch manifest @esbuild/openbsd-x64@0.17.19
134 silly fetch manifest @esbuild/sunos-x64@0.17.19
135 silly fetch manifest @esbuild/win32-arm64@0.17.19
136 silly fetch manifest @esbuild/win32-ia32@0.17.19
137 silly fetch manifest @esbuild/win32-x64@0.17.19
138 silly fetch manifest nanoid@^3.3.6
139 silly fetch manifest source-map-js@^1.0.2
140 http fetch GET 200 https://registry.npmjs.org/@esbuild%2fandroid-arm64 334ms (cache miss)
141 http fetch GET 200 https://registry.npmjs.org/@esbuild%2flinux-arm 316ms (cache miss)
142 http fetch GET 200 https://registry.npmjs.org/@esbuild%2fandroid-arm 347ms (cache miss)
143 http fetch GET 200 https://registry.npmjs.org/@esbuild%2ffreebsd-arm64 336ms (cache miss)
144 http fetch GET 200 https://registry.npmjs.org/@esbuild%2fsunos-x64 540ms (cache miss)
145 http fetch GET 200 https://registry.npmjs.org/@esbuild%2fnetbsd-x64 555ms (cache miss)
146 http fetch GET 200 https://registry.npmjs.org/@esbuild%2fwin32-ia32 558ms (cache miss)
147 http fetch GET 200 https://registry.npmjs.org/source-map-js 553ms (cache miss)
148 http fetch GET 200 https://registry.npmjs.org/@esbuild%2fwin32-arm64 574ms (cache miss)
149 http fetch GET 200 https://registry.npmjs.org/@esbuild%2fwin32-x64 583ms (cache miss)
150 http fetch GET 200 https://registry.npmjs.org/nanoid 600ms (cache miss)
151 http fetch GET 200 https://registry.npmjs.org/@esbuild%2flinux-ppc64 657ms (cache miss)
152 http fetch GET 200 https://registry.npmjs.org/@esbuild%2flinux-s390x 651ms (cache miss)
153 http fetch GET 200 https://registry.npmjs.org/@esbuild%2flinux-riscv64 660ms (cache miss)
154 http fetch GET 200 https://registry.npmjs.org/@esbuild%2flinux-ia32 683ms (cache miss)
155 http fetch GET 200 https://registry.npmjs.org/@esbuild%2flinux-loong64 685ms (cache miss)
156 http fetch GET 200 https://registry.npmjs.org/@esbuild%2fopenbsd-x64 1169ms (cache miss)
157 http fetch GET 200 https://registry.npmjs.org/@esbuild%2fdarwin-arm64 1678ms (cache miss)
158 http fetch GET 200 https://registry.npmjs.org/@esbuild%2flinux-x64 1670ms (cache miss)
159 http fetch GET 200 https://registry.npmjs.org/@esbuild%2fandroid-x64 1732ms (cache miss)
160 http fetch GET 200 https://registry.npmjs.org/@esbuild%2fdarwin-x64 1735ms (cache miss)
161 http fetch GET 200 https://registry.npmjs.org/@esbuild%2ffreebsd-x64 1733ms (cache miss)
162 http fetch GET 200 https://registry.npmjs.org/@esbuild%2flinux-mips64el 1737ms (cache miss)
163 http fetch GET 200 https://registry.npmjs.org/@esbuild%2flinux-arm64 1752ms (cache miss)
164 timing idealTree:node_modules/vite Completed in 1815ms
165 silly placeDep ROOT @esbuild/android-arm@0.17.19 OK for: esbuild@0.17.19 want: 0.17.19
166 silly placeDep ROOT @esbuild/android-arm64@0.17.19 OK for: esbuild@0.17.19 want: 0.17.19
167 silly placeDep ROOT @esbuild/android-x64@0.17.19 OK for: esbuild@0.17.19 want: 0.17.19
168 silly placeDep ROOT @esbuild/darwin-arm64@0.17.19 OK for: esbuild@0.17.19 want: 0.17.19
169 silly placeDep ROOT @esbuild/darwin-x64@0.17.19 OK for: esbuild@0.17.19 want: 0.17.19
170 silly placeDep ROOT @esbuild/freebsd-arm64@0.17.19 OK for: esbuild@0.17.19 want: 0.17.19
171 silly placeDep ROOT @esbuild/freebsd-x64@0.17.19 OK for: esbuild@0.17.19 want: 0.17.19
172 silly placeDep ROOT @esbuild/linux-arm@0.17.19 OK for: esbuild@0.17.19 want: 0.17.19
173 silly placeDep ROOT @esbuild/linux-arm64@0.17.19 OK for: esbuild@0.17.19 want: 0.17.19
174 silly placeDep ROOT @esbuild/linux-ia32@0.17.19 OK for: esbuild@0.17.19 want: 0.17.19
175 silly placeDep ROOT @esbuild/linux-loong64@0.17.19 OK for: esbuild@0.17.19 want: 0.17.19
176 silly placeDep ROOT @esbuild/linux-mips64el@0.17.19 OK for: esbuild@0.17.19 want: 0.17.19
177 silly placeDep ROOT @esbuild/linux-ppc64@0.17.19 OK for: esbuild@0.17.19 want: 0.17.19
178 silly placeDep ROOT @esbuild/linux-riscv64@0.17.19 OK for: esbuild@0.17.19 want: 0.17.19
179 silly placeDep ROOT @esbuild/linux-s390x@0.17.19 OK for: esbuild@0.17.19 want: 0.17.19
180 silly placeDep ROOT @esbuild/linux-x64@0.17.19 OK for: esbuild@0.17.19 want: 0.17.19
181 silly placeDep ROOT @esbuild/netbsd-x64@0.17.19 OK for: esbuild@0.17.19 want: 0.17.19
182 silly placeDep ROOT @esbuild/openbsd-x64@0.17.19 OK for: esbuild@0.17.19 want: 0.17.19
183 silly placeDep ROOT @esbuild/sunos-x64@0.17.19 OK for: esbuild@0.17.19 want: 0.17.19
184 silly placeDep ROOT @esbuild/win32-arm64@0.17.19 OK for: esbuild@0.17.19 want: 0.17.19
185 silly placeDep ROOT @esbuild/win32-ia32@0.17.19 OK for: esbuild@0.17.19 want: 0.17.19
186 silly placeDep ROOT @esbuild/win32-x64@0.17.19 OK for: esbuild@0.17.19 want: 0.17.19
187 timing idealTree:node_modules/esbuild Completed in 130ms
188 timing idealTree:node_modules/@esbuild/android-arm Completed in 0ms
189 timing idealTree:node_modules/@esbuild/android-arm64 Completed in 0ms
190 timing idealTree:node_modules/@esbuild/android-x64 Completed in 0ms
191 timing idealTree:node_modules/@esbuild/darwin-arm64 Completed in 0ms
192 timing idealTree:node_modules/@esbuild/darwin-x64 Completed in 0ms
193 timing idealTree:node_modules/@esbuild/freebsd-arm64 Completed in 0ms
194 timing idealTree:node_modules/@esbuild/freebsd-x64 Completed in 0ms
195 timing idealTree:node_modules/@esbuild/linux-arm Completed in 0ms
196 timing idealTree:node_modules/@esbuild/linux-arm64 Completed in 0ms
197 timing idealTree:node_modules/@esbuild/linux-ia32 Completed in 0ms
198 timing idealTree:node_modules/@esbuild/linux-loong64 Completed in 0ms
199 timing idealTree:node_modules/@esbuild/linux-mips64el Completed in 0ms
200 timing idealTree:node_modules/@esbuild/linux-ppc64 Completed in 0ms
201 timing idealTree:node_modules/@esbuild/linux-riscv64 Completed in 0ms
202 timing idealTree:node_modules/@esbuild/linux-s390x Completed in 0ms
203 timing idealTree:node_modules/@esbuild/linux-x64 Completed in 0ms
204 timing idealTree:node_modules/@esbuild/netbsd-x64 Completed in 0ms
205 timing idealTree:node_modules/@esbuild/openbsd-x64 Completed in 0ms
206 timing idealTree:node_modules/@esbuild/sunos-x64 Completed in 0ms
207 timing idealTree:node_modules/@esbuild/win32-arm64 Completed in 0ms
208 timing idealTree:node_modules/@esbuild/win32-ia32 Completed in 0ms
209 timing idealTree:node_modules/@esbuild/win32-x64 Completed in 0ms
210 timing idealTree:node_modules/fsevents Completed in 0ms
211 silly placeDep ROOT nanoid@3.3.6 OK for: postcss@8.4.24 want: ^3.3.6
212 silly placeDep ROOT source-map-js@1.0.2 OK for: postcss@8.4.24 want: ^1.0.2
213 timing idealTree:node_modules/postcss Completed in 11ms
214 timing idealTree:node_modules/nanoid Completed in 0ms
215 timing idealTree:node_modules/rollup Completed in 0ms
216 timing idealTree:node_modules/source-map-js Completed in 0ms
217 silly placeDep ROOT picomatch@2.3.1 OK for: vite-plugin-full-reload@1.0.5 want: ^2.3.1
218 timing idealTree:node_modules/vite-plugin-full-reload Completed in 6ms
219 timing idealTree:node_modules/picomatch Completed in 0ms
220 timing idealTree:buildDeps Completed in 6642ms
221 timing idealTree:fixDepFlags Completed in 5ms
222 timing idealTree Completed in 6756ms
223 timing reify:loadTrees Completed in 6762ms
224 timing reify:diffTrees Completed in 10ms
225 silly reify moves {}
226 timing reify:retireShallow Completed in 4ms
227 timing reify:createSparse Completed in 21ms
228 timing reify:loadBundles Completed in 0ms
229 silly audit bulk request {
229 silly audit   axios: [ '1.4.0' ],
229 silly audit   'laravel-vite-plugin': [ '0.7.8' ],
229 silly audit   vite: [ '4.3.9' ],
229 silly audit   'follow-redirects': [ '1.15.2' ],
229 silly audit   'form-data': [ '4.0.0' ],
229 silly audit   'proxy-from-env': [ '1.1.0' ],
229 silly audit   asynckit: [ '0.4.0' ],
229 silly audit   'combined-stream': [ '1.0.8' ],
229 silly audit   'mime-types': [ '2.1.35' ],
229 silly audit   'delayed-stream': [ '1.0.0' ],
229 silly audit   picocolors: [ '1.0.0' ],
229 silly audit   'vite-plugin-full-reload': [ '1.0.5' ],
229 silly audit   'mime-db': [ '1.52.0' ],
229 silly audit   esbuild: [ '0.17.19' ],
229 silly audit   fsevents: [ '2.3.2' ],
229 silly audit   postcss: [ '8.4.24' ],
229 silly audit   rollup: [ '3.25.1' ],
229 silly audit   '@esbuild/android-arm': [ '0.17.19' ],
229 silly audit   '@esbuild/android-arm64': [ '0.17.19' ],
229 silly audit   '@esbuild/android-x64': [ '0.17.19' ],
229 silly audit   '@esbuild/darwin-arm64': [ '0.17.19' ],
229 silly audit   '@esbuild/darwin-x64': [ '0.17.19' ],
229 silly audit   '@esbuild/freebsd-arm64': [ '0.17.19' ],
229 silly audit   '@esbuild/freebsd-x64': [ '0.17.19' ],
229 silly audit   '@esbuild/linux-arm': [ '0.17.19' ],
229 silly audit   '@esbuild/linux-arm64': [ '0.17.19' ],
229 silly audit   '@esbuild/linux-ia32': [ '0.17.19' ],
229 silly audit   '@esbuild/linux-loong64': [ '0.17.19' ],
229 silly audit   '@esbuild/linux-mips64el': [ '0.17.19' ],
229 silly audit   '@esbuild/linux-ppc64': [ '0.17.19' ],
229 silly audit   '@esbuild/linux-riscv64': [ '0.17.19' ],
229 silly audit   '@esbuild/linux-s390x': [ '0.17.19' ],
229 silly audit   '@esbuild/linux-x64': [ '0.17.19' ],
229 silly audit   '@esbuild/netbsd-x64': [ '0.17.19' ],
229 silly audit   '@esbuild/openbsd-x64': [ '0.17.19' ],
229 silly audit   '@esbuild/sunos-x64': [ '0.17.19' ],
229 silly audit   '@esbuild/win32-arm64': [ '0.17.19' ],
229 silly audit   '@esbuild/win32-ia32': [ '0.17.19' ],
229 silly audit   '@esbuild/win32-x64': [ '0.17.19' ],
229 silly audit   nanoid: [ '3.3.6' ],
229 silly audit   'source-map-js': [ '1.0.2' ],
229 silly audit   picomatch: [ '2.3.1' ]
229 silly audit }
230 verbose reify failed optional dependency /var/www/node_modules/@esbuild/win32-x64
231 silly reify mark deleted [ '/var/www/node_modules/@esbuild/win32-x64' ]
232 verbose reify failed optional dependency /var/www/node_modules/@esbuild/win32-ia32
233 silly reify mark deleted [ '/var/www/node_modules/@esbuild/win32-ia32' ]
234 verbose reify failed optional dependency /var/www/node_modules/@esbuild/win32-arm64
235 silly reify mark deleted [ '/var/www/node_modules/@esbuild/win32-arm64' ]
236 verbose reify failed optional dependency /var/www/node_modules/@esbuild/sunos-x64
237 silly reify mark deleted [ '/var/www/node_modules/@esbuild/sunos-x64' ]
238 verbose reify failed optional dependency /var/www/node_modules/@esbuild/openbsd-x64
239 silly reify mark deleted [ '/var/www/node_modules/@esbuild/openbsd-x64' ]
240 verbose reify failed optional dependency /var/www/node_modules/@esbuild/netbsd-x64
241 silly reify mark deleted [ '/var/www/node_modules/@esbuild/netbsd-x64' ]
242 verbose reify failed optional dependency /var/www/node_modules/@esbuild/linux-x64
243 silly reify mark deleted [ '/var/www/node_modules/@esbuild/linux-x64' ]
244 verbose reify failed optional dependency /var/www/node_modules/@esbuild/linux-s390x
245 silly reify mark deleted [ '/var/www/node_modules/@esbuild/linux-s390x' ]
246 verbose reify failed optional dependency /var/www/node_modules/@esbuild/linux-riscv64
247 silly reify mark deleted [ '/var/www/node_modules/@esbuild/linux-riscv64' ]
248 verbose reify failed optional dependency /var/www/node_modules/@esbuild/linux-ppc64
249 silly reify mark deleted [ '/var/www/node_modules/@esbuild/linux-ppc64' ]
250 verbose reify failed optional dependency /var/www/node_modules/@esbuild/linux-mips64el
251 silly reify mark deleted [ '/var/www/node_modules/@esbuild/linux-mips64el' ]
252 verbose reify failed optional dependency /var/www/node_modules/@esbuild/linux-loong64
253 silly reify mark deleted [ '/var/www/node_modules/@esbuild/linux-loong64' ]
254 verbose reify failed optional dependency /var/www/node_modules/@esbuild/linux-ia32
255 silly reify mark deleted [ '/var/www/node_modules/@esbuild/linux-ia32' ]
256 verbose reify failed optional dependency /var/www/node_modules/@esbuild/linux-arm
257 silly reify mark deleted [ '/var/www/node_modules/@esbuild/linux-arm' ]
258 verbose reify failed optional dependency /var/www/node_modules/@esbuild/freebsd-x64
259 silly reify mark deleted [ '/var/www/node_modules/@esbuild/freebsd-x64' ]
260 verbose reify failed optional dependency /var/www/node_modules/@esbuild/freebsd-arm64
261 silly reify mark deleted [ '/var/www/node_modules/@esbuild/freebsd-arm64' ]
262 verbose reify failed optional dependency /var/www/node_modules/@esbuild/darwin-x64
263 silly reify mark deleted [ '/var/www/node_modules/@esbuild/darwin-x64' ]
264 verbose reify failed optional dependency /var/www/node_modules/@esbuild/darwin-arm64
265 silly reify mark deleted [ '/var/www/node_modules/@esbuild/darwin-arm64' ]
266 verbose reify failed optional dependency /var/www/node_modules/@esbuild/android-x64
267 silly reify mark deleted [ '/var/www/node_modules/@esbuild/android-x64' ]
268 verbose reify failed optional dependency /var/www/node_modules/@esbuild/android-arm64
269 silly reify mark deleted [ '/var/www/node_modules/@esbuild/android-arm64' ]
270 verbose reify failed optional dependency /var/www/node_modules/@esbuild/android-arm
271 silly reify mark deleted [ '/var/www/node_modules/@esbuild/android-arm' ]
272 verbose reify failed optional dependency /var/www/node_modules/fsevents
273 silly reify mark deleted [ '/var/www/node_modules/fsevents' ]
274 timing reifyNode:node_modules/@esbuild/win32-x64 Completed in 80ms
275 timing reifyNode:node_modules/@esbuild/win32-ia32 Completed in 80ms
276 timing reifyNode:node_modules/@esbuild/win32-arm64 Completed in 79ms
277 timing reifyNode:node_modules/@esbuild/sunos-x64 Completed in 80ms
278 timing reifyNode:node_modules/@esbuild/openbsd-x64 Completed in 79ms
279 timing reifyNode:node_modules/@esbuild/netbsd-x64 Completed in 78ms
280 timing reifyNode:node_modules/@esbuild/linux-x64 Completed in 78ms
281 timing reifyNode:node_modules/@esbuild/linux-s390x Completed in 78ms
282 timing reifyNode:node_modules/@esbuild/linux-riscv64 Completed in 78ms
283 timing reifyNode:node_modules/@esbuild/linux-ppc64 Completed in 78ms
284 timing reifyNode:node_modules/@esbuild/linux-mips64el Completed in 78ms
285 timing reifyNode:node_modules/@esbuild/linux-loong64 Completed in 77ms
286 timing reifyNode:node_modules/@esbuild/linux-ia32 Completed in 77ms
287 timing reifyNode:node_modules/@esbuild/linux-arm Completed in 77ms
288 timing reifyNode:node_modules/@esbuild/freebsd-x64 Completed in 77ms
289 timing reifyNode:node_modules/@esbuild/freebsd-arm64 Completed in 77ms
290 timing reifyNode:node_modules/@esbuild/darwin-x64 Completed in 78ms
291 timing reifyNode:node_modules/@esbuild/darwin-arm64 Completed in 78ms
292 timing reifyNode:node_modules/@esbuild/android-x64 Completed in 77ms
293 timing reifyNode:node_modules/@esbuild/android-arm64 Completed in 77ms
294 timing reifyNode:node_modules/@esbuild/android-arm Completed in 78ms
295 timing reifyNode:node_modules/fsevents Completed in 77ms
296 silly tarball no local data for source-map-js@https://registry.npmjs.org/source-map-js/-/source-map-js-1.0.2.tgz. Extracting by manifest.
297 silly tarball no local data for picomatch@https://registry.npmjs.org/picomatch/-/picomatch-2.3.1.tgz. Extracting by manifest.
298 silly tarball no local data for @esbuild/linux-arm64@https://registry.npmjs.org/@esbuild/linux-arm64/-/linux-arm64-0.17.19.tgz. Extracting by manifest.
299 silly tarball no local data for rollup@https://registry.npmjs.org/rollup/-/rollup-3.25.1.tgz. Extracting by manifest.
300 silly tarball no local data for postcss@https://registry.npmjs.org/postcss/-/postcss-8.4.24.tgz. Extracting by manifest.
301 silly tarball no local data for nanoid@https://registry.npmjs.org/nanoid/-/nanoid-3.3.6.tgz. Extracting by manifest.
302 silly tarball no local data for esbuild@https://registry.npmjs.org/esbuild/-/esbuild-0.17.19.tgz. Extracting by manifest.
303 silly tarball no local data for mime-db@https://registry.npmjs.org/mime-db/-/mime-db-1.52.0.tgz. Extracting by manifest.
304 silly tarball no local data for vite-plugin-full-reload@https://registry.npmjs.org/vite-plugin-full-reload/-/vite-plugin-full-reload-1.0.5.tgz. Extracting by manifest.
305 silly tarball no local data for picocolors@https://registry.npmjs.org/picocolors/-/picocolors-1.0.0.tgz. Extracting by manifest.
306 silly tarball no local data for delayed-stream@https://registry.npmjs.org/delayed-stream/-/delayed-stream-1.0.0.tgz. Extracting by manifest.
307 silly tarball no local data for mime-types@https://registry.npmjs.org/mime-types/-/mime-types-2.1.35.tgz. Extracting by manifest.
308 silly tarball no local data for combined-stream@https://registry.npmjs.org/combined-stream/-/combined-stream-1.0.8.tgz. Extracting by manifest.
309 silly tarball no local data for asynckit@https://registry.npmjs.org/asynckit/-/asynckit-0.4.0.tgz. Extracting by manifest.
310 silly tarball no local data for proxy-from-env@https://registry.npmjs.org/proxy-from-env/-/proxy-from-env-1.1.0.tgz. Extracting by manifest.
311 silly tarball no local data for form-data@https://registry.npmjs.org/form-data/-/form-data-4.0.0.tgz. Extracting by manifest.
312 silly tarball no local data for follow-redirects@https://registry.npmjs.org/follow-redirects/-/follow-redirects-1.15.2.tgz. Extracting by manifest.
313 silly tarball no local data for vite@https://registry.npmjs.org/vite/-/vite-4.3.9.tgz. Extracting by manifest.
314 silly tarball no local data for axios@https://registry.npmjs.org/axios/-/axios-1.4.0.tgz. Extracting by manifest.
315 silly tarball no local data for laravel-vite-plugin@https://registry.npmjs.org/laravel-vite-plugin/-/laravel-vite-plugin-0.7.8.tgz. Extracting by manifest.
316 http fetch POST 200 https://registry.npmjs.org/-/npm/v1/security/advisories/bulk 920ms
317 timing auditReport:getReport Completed in 939ms
318 silly audit report {}
319 timing auditReport:init Completed in 0ms
320 timing reify:audit Completed in 943ms
321 http fetch GET 200 https://registry.npmjs.org/picocolors/-/picocolors-1.0.0.tgz 909ms (cache miss)
322 timing reifyNode:node_modules/picocolors Completed in 1097ms
323 http fetch GET 200 https://registry.npmjs.org/delayed-stream/-/delayed-stream-1.0.0.tgz 906ms (cache miss)
324 timing reifyNode:node_modules/delayed-stream Completed in 1100ms
325 http fetch GET 200 https://registry.npmjs.org/mime-types/-/mime-types-2.1.35.tgz 937ms (cache miss)
326 timing reifyNode:node_modules/mime-types Completed in 1134ms
327 http fetch GET 200 https://registry.npmjs.org/vite-plugin-full-reload/-/vite-plugin-full-reload-1.0.5.tgz 967ms (cache miss)
328 timing reifyNode:node_modules/vite-plugin-full-reload Completed in 1148ms
329 http fetch GET 200 https://registry.npmjs.org/proxy-from-env/-/proxy-from-env-1.1.0.tgz 958ms (cache miss)
330 timing reifyNode:node_modules/proxy-from-env Completed in 1172ms
331 http fetch GET 200 https://registry.npmjs.org/combined-stream/-/combined-stream-1.0.8.tgz 971ms (cache miss)
332 timing reifyNode:node_modules/combined-stream Completed in 1175ms
333 http fetch GET 200 https://registry.npmjs.org/form-data/-/form-data-4.0.0.tgz 964ms (cache miss)
334 http fetch GET 200 https://registry.npmjs.org/follow-redirects/-/follow-redirects-1.15.2.tgz 962ms (cache miss)
335 timing reifyNode:node_modules/follow-redirects Completed in 1185ms
336 http fetch GET 200 https://registry.npmjs.org/laravel-vite-plugin/-/laravel-vite-plugin-0.7.8.tgz 957ms (cache miss)
337 http fetch GET 200 https://registry.npmjs.org/picomatch/-/picomatch-2.3.1.tgz 1067ms (cache miss)
338 timing reifyNode:node_modules/form-data Completed in 1208ms
339 timing reifyNode:node_modules/laravel-vite-plugin Completed in 1208ms
340 timing reifyNode:node_modules/picomatch Completed in 1239ms
341 http fetch GET 200 https://registry.npmjs.org/mime-db/-/mime-db-1.52.0.tgz 1064ms (cache miss)
342 http fetch GET 200 https://registry.npmjs.org/asynckit/-/asynckit-0.4.0.tgz 1031ms (cache miss)
343 timing reifyNode:node_modules/mime-db Completed in 1262ms
344 timing reifyNode:node_modules/asynckit Completed in 1268ms
345 http fetch GET 200 https://registry.npmjs.org/esbuild/-/esbuild-0.17.19.tgz 1121ms (cache miss)
346 timing reifyNode:node_modules/esbuild Completed in 1283ms
347 http fetch GET 200 https://registry.npmjs.org/nanoid/-/nanoid-3.3.6.tgz 1138ms (cache miss)
348 timing reifyNode:node_modules/nanoid Completed in 1323ms
349 http fetch GET 200 https://registry.npmjs.org/source-map-js/-/source-map-js-1.0.2.tgz 1227ms (cache miss)
350 timing reifyNode:node_modules/source-map-js Completed in 1368ms
351 http fetch GET 200 https://registry.npmjs.org/postcss/-/postcss-8.4.24.tgz 1923ms (cache miss)
352 timing reifyNode:node_modules/postcss Completed in 2076ms
353 http fetch GET 200 https://registry.npmjs.org/axios/-/axios-1.4.0.tgz 1893ms (cache miss)
354 timing reifyNode:node_modules/axios Completed in 2132ms
355 http fetch GET 200 https://registry.npmjs.org/vite/-/vite-4.3.9.tgz 1921ms (cache miss)
356 timing reifyNode:node_modules/vite Completed in 2149ms
357 http fetch GET 200 https://registry.npmjs.org/rollup/-/rollup-3.25.1.tgz 2086ms (cache miss)
358 timing reifyNode:node_modules/rollup Completed in 2238ms
359 http fetch GET 200 https://registry.npmjs.org/@esbuild/linux-arm64/-/linux-arm64-0.17.19.tgz 3835ms (cache miss)
360 timing reifyNode:node_modules/@esbuild/linux-arm64 Completed in 3981ms
361 timing reify:unpack Completed in 3992ms
362 timing reify:unretire Completed in 1ms
363 timing build:queue Completed in 18ms
364 timing build:link:node_modules/esbuild Completed in 285ms
365 timing build:link:node_modules/nanoid Completed in 289ms
366 timing build:link:node_modules/rollup Completed in 289ms
367 timing build:link:node_modules/vite Completed in 289ms
368 timing build:link Completed in 296ms
369 info run esbuild@0.17.19 postinstall node_modules/esbuild node install.js
370 info run esbuild@0.17.19 postinstall { code: 0, signal: null }
371 timing build:run:postinstall:node_modules/esbuild Completed in 4753ms
372 timing build:run:postinstall Completed in 4757ms
373 timing build:deps Completed in 5074ms
374 timing build Completed in 5077ms
375 timing reify:build Completed in 5079ms
376 timing reify:trash Completed in 24ms
377 timing reify:save Completed in 105ms
378 timing reify Completed in 16091ms
379 silly ADD node_modules/picomatch
380 silly ADD node_modules/source-map-js
381 silly ADD node_modules/nanoid
382 silly ADD
383 silly ADD
384 silly ADD
385 silly ADD
386 silly ADD
387 silly ADD
388 silly ADD
389 silly ADD
390 silly ADD
391 silly ADD
392 silly ADD
393 silly ADD
394 silly ADD
395 silly ADD node_modules/@esbuild/linux-arm64
396 silly ADD
397 silly ADD
398 silly ADD
399 silly ADD
400 silly ADD
401 silly ADD
402 silly ADD
403 silly ADD
404 silly ADD node_modules/rollup
405 silly ADD node_modules/postcss
406 silly ADD
407 silly ADD node_modules/esbuild
408 silly ADD node_modules/mime-db
409 silly ADD node_modules/vite-plugin-full-reload
410 silly ADD node_modules/picocolors
411 silly ADD node_modules/delayed-stream
412 silly ADD node_modules/mime-types
413 silly ADD node_modules/combined-stream
414 silly ADD node_modules/asynckit
415 silly ADD node_modules/proxy-from-env
416 silly ADD node_modules/form-data
417 silly ADD node_modules/follow-redirects
418 silly ADD node_modules/vite
419 silly ADD node_modules/laravel-vite-plugin
420 silly ADD node_modules/axios
421 timing command:install Completed in 16166ms
422 verbose exit 0
423 timing npm Completed in 16392ms
424 info ok
