0 verbose cli /usr/bin/node /usr/bin/npm
1 info using npm@9.2.0
2 info using node@v18.13.0
3 timing npm:load:whichnode Completed in 2ms
4 timing config:load:defaults Completed in 9ms
5 timing config:load:file:/usr/share/nodejs/npm/npmrc Completed in 16ms
6 timing config:load:builtin Completed in 17ms
7 timing config:load:cli Completed in 8ms
8 timing config:load:env Completed in 2ms
9 timing config:load:project Completed in 17ms
10 timing config:load:file:/var/www/.npmrc Completed in 2ms
11 timing config:load:user Completed in 2ms
12 timing config:load:file:/etc/npmrc Completed in 10ms
13 timing config:load:global Completed in 11ms
14 timing config:load:setEnvs Completed in 9ms
15 timing config:load Completed in 83ms
16 timing npm:load:configload Completed in 83ms
17 timing npm:load:mkdirpcache Completed in 1ms
18 timing npm:load:mkdirplogs Completed in 1ms
19 verbose title npm install
20 verbose argv "install"
21 timing npm:load:setTitle Completed in 6ms
22 timing config:load:flatten Completed in 16ms
23 timing npm:load:display Completed in 19ms
24 verbose logfile logs-max:10 dir:/var/www/.npm/_logs/2023-06-21T02_53_10_631Z-
25 verbose logfile /var/www/.npm/_logs/2023-06-21T02_53_10_631Z-debug-0.log
26 timing npm:load:logFile Completed in 32ms
27 timing npm:load:timers Completed in 0ms
28 timing npm:load:configScope Completed in 0ms
29 timing npm:load Completed in 151ms
30 silly logfile done cleaning log files
31 timing config:load:flatten Completed in 2ms
32 timing arborist:ctor Completed in 5ms
33 timing idealTree:init Completed in 290ms
34 timing idealTree:userRequests Completed in 1ms
35 silly idealTree buildDeps
36 timing idealTree:#root Completed in 1ms
37 timing idealTree:buildDeps Completed in 6ms
38 timing idealTree:fixDepFlags Completed in 1ms
39 timing idealTree Completed in 314ms
40 timing arborist:ctor Completed in 1ms
41 timing reify:loadTrees Completed in 374ms
42 timing reify:diffTrees Completed in 21ms
43 silly reify moves {}
44 timing reify:retireShallow Completed in 5ms
45 timing reify:createSparse Completed in 18ms
46 timing reify:loadBundles Completed in 0ms
47 silly audit bulk request {
47 silly audit   '@esbuild/android-arm': [ '0.17.19' ],
47 silly audit   '@esbuild/android-arm64': [ '0.17.19' ],
47 silly audit   '@esbuild/android-x64': [ '0.17.19' ],
47 silly audit   '@esbuild/darwin-arm64': [ '0.17.19' ],
47 silly audit   '@esbuild/darwin-x64': [ '0.17.19' ],
47 silly audit   '@esbuild/freebsd-arm64': [ '0.17.19' ],
47 silly audit   '@esbuild/freebsd-x64': [ '0.17.19' ],
47 silly audit   '@esbuild/linux-arm': [ '0.17.19' ],
47 silly audit   '@esbuild/linux-arm64': [ '0.17.19' ],
47 silly audit   '@esbuild/linux-ia32': [ '0.17.19' ],
47 silly audit   '@esbuild/linux-loong64': [ '0.17.19' ],
47 silly audit   '@esbuild/linux-mips64el': [ '0.17.19' ],
47 silly audit   '@esbuild/linux-ppc64': [ '0.17.19' ],
47 silly audit   '@esbuild/linux-riscv64': [ '0.17.19' ],
47 silly audit   '@esbuild/linux-s390x': [ '0.17.19' ],
47 silly audit   '@esbuild/linux-x64': [ '0.17.19' ],
47 silly audit   '@esbuild/netbsd-x64': [ '0.17.19' ],
47 silly audit   '@esbuild/openbsd-x64': [ '0.17.19' ],
47 silly audit   '@esbuild/sunos-x64': [ '0.17.19' ],
47 silly audit   '@esbuild/win32-arm64': [ '0.17.19' ],
47 silly audit   '@esbuild/win32-ia32': [ '0.17.19' ],
47 silly audit   '@esbuild/win32-x64': [ '0.17.19' ],
47 silly audit   asynckit: [ '0.4.0' ],
47 silly audit   axios: [ '1.4.0' ],
47 silly audit   'combined-stream': [ '1.0.8' ],
47 silly audit   'delayed-stream': [ '1.0.0' ],
47 silly audit   esbuild: [ '0.17.19' ],
47 silly audit   'follow-redirects': [ '1.15.2' ],
47 silly audit   'form-data': [ '4.0.0' ],
47 silly audit   fsevents: [ '2.3.2' ],
47 silly audit   'laravel-vite-plugin': [ '0.7.8' ],
47 silly audit   'mime-db': [ '1.52.0' ],
47 silly audit   'mime-types': [ '2.1.35' ],
47 silly audit   nanoid: [ '3.3.6' ],
47 silly audit   picocolors: [ '1.0.0' ],
47 silly audit   picomatch: [ '2.3.1' ],
47 silly audit   postcss: [ '8.4.24' ],
47 silly audit   'proxy-from-env': [ '1.1.0' ],
47 silly audit   rollup: [ '3.25.1' ],
47 silly audit   'source-map-js': [ '1.0.2' ],
47 silly audit   vite: [ '4.3.9' ],
47 silly audit   'vite-plugin-full-reload': [ '1.0.5' ]
47 silly audit }
48 verbose reify failed optional dependency /var/www/node_modules/fsevents
49 silly reify mark deleted [ '/var/www/node_modules/fsevents' ]
50 verbose reify failed optional dependency /var/www/node_modules/@esbuild/win32-x64
51 silly reify mark deleted [ '/var/www/node_modules/@esbuild/win32-x64' ]
52 verbose reify failed optional dependency /var/www/node_modules/@esbuild/win32-ia32
53 silly reify mark deleted [ '/var/www/node_modules/@esbuild/win32-ia32' ]
54 verbose reify failed optional dependency /var/www/node_modules/@esbuild/win32-arm64
55 silly reify mark deleted [ '/var/www/node_modules/@esbuild/win32-arm64' ]
56 verbose reify failed optional dependency /var/www/node_modules/@esbuild/sunos-x64
57 silly reify mark deleted [ '/var/www/node_modules/@esbuild/sunos-x64' ]
58 verbose reify failed optional dependency /var/www/node_modules/@esbuild/openbsd-x64
59 silly reify mark deleted [ '/var/www/node_modules/@esbuild/openbsd-x64' ]
60 verbose reify failed optional dependency /var/www/node_modules/@esbuild/netbsd-x64
61 silly reify mark deleted [ '/var/www/node_modules/@esbuild/netbsd-x64' ]
62 verbose reify failed optional dependency /var/www/node_modules/@esbuild/linux-x64
63 silly reify mark deleted [ '/var/www/node_modules/@esbuild/linux-x64' ]
64 verbose reify failed optional dependency /var/www/node_modules/@esbuild/linux-s390x
65 silly reify mark deleted [ '/var/www/node_modules/@esbuild/linux-s390x' ]
66 verbose reify failed optional dependency /var/www/node_modules/@esbuild/linux-riscv64
67 silly reify mark deleted [ '/var/www/node_modules/@esbuild/linux-riscv64' ]
68 verbose reify failed optional dependency /var/www/node_modules/@esbuild/linux-ppc64
69 silly reify mark deleted [ '/var/www/node_modules/@esbuild/linux-ppc64' ]
70 verbose reify failed optional dependency /var/www/node_modules/@esbuild/linux-mips64el
71 silly reify mark deleted [ '/var/www/node_modules/@esbuild/linux-mips64el' ]
72 verbose reify failed optional dependency /var/www/node_modules/@esbuild/linux-loong64
73 silly reify mark deleted [ '/var/www/node_modules/@esbuild/linux-loong64' ]
74 verbose reify failed optional dependency /var/www/node_modules/@esbuild/linux-ia32
75 silly reify mark deleted [ '/var/www/node_modules/@esbuild/linux-ia32' ]
76 verbose reify failed optional dependency /var/www/node_modules/@esbuild/linux-arm
77 silly reify mark deleted [ '/var/www/node_modules/@esbuild/linux-arm' ]
78 verbose reify failed optional dependency /var/www/node_modules/@esbuild/freebsd-x64
79 silly reify mark deleted [ '/var/www/node_modules/@esbuild/freebsd-x64' ]
80 verbose reify failed optional dependency /var/www/node_modules/@esbuild/freebsd-arm64
81 silly reify mark deleted [ '/var/www/node_modules/@esbuild/freebsd-arm64' ]
82 verbose reify failed optional dependency /var/www/node_modules/@esbuild/darwin-x64
83 silly reify mark deleted [ '/var/www/node_modules/@esbuild/darwin-x64' ]
84 verbose reify failed optional dependency /var/www/node_modules/@esbuild/darwin-arm64
85 silly reify mark deleted [ '/var/www/node_modules/@esbuild/darwin-arm64' ]
86 verbose reify failed optional dependency /var/www/node_modules/@esbuild/android-x64
87 silly reify mark deleted [ '/var/www/node_modules/@esbuild/android-x64' ]
88 verbose reify failed optional dependency /var/www/node_modules/@esbuild/android-arm64
89 silly reify mark deleted [ '/var/www/node_modules/@esbuild/android-arm64' ]
90 verbose reify failed optional dependency /var/www/node_modules/@esbuild/android-arm
91 silly reify mark deleted [ '/var/www/node_modules/@esbuild/android-arm' ]
92 timing reifyNode:node_modules/fsevents Completed in 244ms
93 timing reifyNode:node_modules/@esbuild/win32-x64 Completed in 243ms
94 timing reifyNode:node_modules/@esbuild/win32-ia32 Completed in 243ms
95 timing reifyNode:node_modules/@esbuild/win32-arm64 Completed in 243ms
96 timing reifyNode:node_modules/@esbuild/sunos-x64 Completed in 242ms
97 timing reifyNode:node_modules/@esbuild/openbsd-x64 Completed in 243ms
98 timing reifyNode:node_modules/@esbuild/netbsd-x64 Completed in 243ms
99 timing reifyNode:node_modules/@esbuild/linux-x64 Completed in 243ms
100 timing reifyNode:node_modules/@esbuild/linux-s390x Completed in 242ms
101 timing reifyNode:node_modules/@esbuild/linux-riscv64 Completed in 242ms
102 timing reifyNode:node_modules/@esbuild/linux-ppc64 Completed in 242ms
103 timing reifyNode:node_modules/@esbuild/linux-mips64el Completed in 242ms
104 timing reifyNode:node_modules/@esbuild/linux-loong64 Completed in 243ms
105 timing reifyNode:node_modules/@esbuild/linux-ia32 Completed in 243ms
106 timing reifyNode:node_modules/@esbuild/linux-arm Completed in 242ms
107 timing reifyNode:node_modules/@esbuild/freebsd-x64 Completed in 243ms
108 timing reifyNode:node_modules/@esbuild/freebsd-arm64 Completed in 243ms
109 timing reifyNode:node_modules/@esbuild/darwin-x64 Completed in 243ms
110 timing reifyNode:node_modules/@esbuild/darwin-arm64 Completed in 243ms
111 timing reifyNode:node_modules/@esbuild/android-x64 Completed in 245ms
112 timing reifyNode:node_modules/@esbuild/android-arm64 Completed in 246ms
113 timing reifyNode:node_modules/@esbuild/android-arm Completed in 245ms
114 timing reify:unpack Completed in 257ms
115 timing reify:unretire Completed in 1ms
116 timing build:queue Completed in 41ms
117 timing build:deps Completed in 43ms
118 timing build Completed in 46ms
119 timing reify:build Completed in 48ms
120 timing reify:trash Completed in 12ms
121 timing reify:save Completed in 72ms
122 http fetch POST 200 https://registry.npmjs.org/-/npm/v1/security/advisories/bulk 728ms
123 timing auditReport:getReport Completed in 749ms
124 silly audit report {}
125 timing auditReport:init Completed in 0ms
126 timing reify:audit Completed in 754ms
127 timing reify Completed in 1189ms
128 silly ADD
129 silly ADD
130 silly ADD
131 silly ADD
132 silly ADD
133 silly ADD
134 silly ADD
135 silly ADD
136 silly ADD
137 silly ADD
138 silly ADD
139 silly ADD
140 silly ADD
141 silly ADD
142 silly ADD
143 silly ADD
144 silly ADD
145 silly ADD
146 silly ADD
147 silly ADD
148 silly ADD
149 silly ADD
150 timing command:install Completed in 1246ms
151 verbose exit 0
152 timing npm Completed in 1502ms
153 info ok
