0 verbose cli /usr/bin/node /usr/bin/npm
1 info using npm@9.2.0
2 info using node@v18.13.0
3 timing npm:load:whichnode Completed in 2ms
4 timing config:load:defaults Completed in 14ms
5 timing config:load:file:/usr/share/nodejs/npm/npmrc Completed in 36ms
6 timing config:load:builtin Completed in 37ms
7 timing config:load:cli Completed in 9ms
8 timing config:load:env Completed in 4ms
9 timing config:load:project Completed in 79ms
10 timing config:load:file:/var/www/.npmrc Completed in 2ms
11 timing config:load:user Completed in 3ms
12 timing config:load:file:/etc/npmrc Completed in 2ms
13 timing config:load:global Completed in 2ms
14 timing config:load:setEnvs Completed in 8ms
15 timing config:load Completed in 163ms
16 timing npm:load:configload Completed in 164ms
17 timing npm:load:mkdirpcache Completed in 4ms
18 timing npm:load:mkdirplogs Completed in 1ms
19 verbose title npm run build
20 verbose argv "run" "build"
21 timing npm:load:setTitle Completed in 10ms
22 timing config:load:flatten Completed in 26ms
23 timing npm:load:display Completed in 32ms
24 verbose logfile logs-max:10 dir:/var/www/.npm/_logs/2023-06-21T03_04_59_725Z-
25 verbose logfile /var/www/.npm/_logs/2023-06-21T03_04_59_725Z-debug-0.log
26 timing npm:load:logFile Completed in 42ms
27 timing npm:load:timers Completed in 1ms
28 timing npm:load:configScope Completed in 1ms
29 timing npm:load Completed in 263ms
30 silly logfile done cleaning log files
31 timing config:load:flatten Completed in 5ms
32 timing command:run Completed in 19404ms
33 verbose exit 0
34 timing npm Completed in 20065ms
35 info ok
